InnoDB: using atomic writes.
2019-12-16 13:11:05 0 [Note] InnoDB: Mutexes and rw_locks use Windows interlocked functions
2019-12-16 13:11:05 0 [Note] InnoDB: Uses event mutexes
2019-12-16 13:11:05 0 [Note] InnoDB: Compressed tables use zlib 1.2.11
2019-12-16 13:11:05 0 [Note] InnoDB: Number of pools: 1
2019-12-16 13:11:05 0 [Note] InnoDB: Using SSE2 crc32 instructions
2019-12-16 13:11:05 0 [Note] InnoDB: Initializing buffer pool, total size = 16M, instances = 1, chunk size = 16M
2019-12-16 13:11:05 0 [Note] InnoDB: Completed initialization of buffer pool
2019-12-16 13:11:05 0 [Note] InnoDB: Starting crash recovery from checkpoint LSN=300288
2019-12-16 13:11:05 0 [Note] InnoDB: 128 out of 128 rollback segments are active.
2019-12-16 13:11:05 0 [Note] InnoDB: Removed temporary tablespace data file: "ibtmp1"
2019-12-16 13:11:05 0 [Note] InnoDB: Creating shared tablespace for temporary tables
2019-12-16 13:11:05 0 [Note] InnoDB: Setting file 'C:\xampp\mysql\data\ibtmp1' size to 12 MB. Physically writing the file full; Please wait ...
2019-12-16 13:11:05 0 [Note] InnoDB: File 'C:\xampp\mysql\data\ibtmp1' size is now 12 MB.
2019-12-16 13:11:05 0 [Note] InnoDB: Waiting for purge to start
2019-12-16 13:11:05 0 [Note] InnoDB: 10.4.10 started; log sequence number 300297; transaction id 171
2019-12-16 13:11:05 0 [Note] InnoDB: Loading buffer pool(s) from C:\xampp\mysql\data\ib_buffer_pool
2019-12-16 13:11:05 0 [Note] Plugin 'FEEDBACK' is disabled.
2019-12-16 13:11:05 0 [Note] Server socket created on IP: '::'.
InnoDB: using atomic writes.
2019-12-16 13:27:36 0 [Note] InnoDB: Mutexes and rw_locks use Windows interlocked functions
2019-12-16 13:27:36 0 [Note] InnoDB: Uses event mutexes
2019-12-16 13:27:36 0 [Note] InnoDB: Compressed tables use zlib 1.2.11
2019-12-16 13:27:36 0 [Note] InnoDB: Number of pools: 1
2019-12-16 13:27:36 0 [Note] InnoDB: Using SSE2 crc32 instructions
2019-12-16 13:27:36 0 [Note] InnoDB: Initializing buffer pool, total size = 16M, instances = 1, chunk size = 16M
2019-12-16 13:27:36 0 [Note] InnoDB: Completed initialization of buffer pool
2019-12-16 13:27:36 0 [Note] InnoDB: Starting crash recovery from checkpoint LSN=300638
2019-12-16 13:27:36 0 [Note] InnoDB: 128 out of 128 rollback segments are active.
2019-12-16 13:27:36 0 [Note] InnoDB: Removed temporary tablespace data file: "ibtmp1"
2019-12-16 13:27:36 0 [Note] InnoDB: Creating shared tablespace for temporary tables
2019-12-16 13:27:36 0 [Note] InnoDB: Setting file 'C:\xampp\mysql\data\ibtmp1' size to 12 MB. Physically writing the file full; Please wait ...
2019-12-16 13:27:36 0 [Note] InnoDB: File 'C:\xampp\mysql\data\ibtmp1' size is now 12 MB.
2019-12-16 13:27:36 0 [Note] InnoDB: Waiting for purge to start
2019-12-16 13:27:36 0 [Note] InnoDB: 10.4.10 started; log sequence number 300647; transaction id 195
2019-12-16 13:27:36 0 [Note] InnoDB: Loading buffer pool(s) from C:\xampp\mysql\data\ib_buffer_pool
2019-12-16 13:27:36 0 [Note] Plugin 'FEEDBACK' is disabled.
2019-12-16 13:27:36 0 [Note] Server socket created on IP: '::'.
2019-12-16 13:43:14 0 [Note] mysqld.exe: Aria engine: starting recovery
recovered pages: 0% 22% 49% 72% 97% 100% (0.0 seconds); tables to flush: 1 0
 (0.0 seconds); 
2019-12-16 13:43:14 0 [Note] mysqld.exe: Aria engine: recovery done
InnoDB: using atomic writes.
2019-12-16 13:43:14 0 [Note] InnoDB: Mutexes and rw_locks use Windows interlocked functions
2019-12-16 13:43:14 0 [Note] InnoDB: Uses event mutexes
2019-12-16 13:43:14 0 [Note] InnoDB: Compressed tables use zlib 1.2.11
2019-12-16 13:43:14 0 [Note] InnoDB: Number of pools: 1
2019-12-16 13:43:14 0 [Note] InnoDB: Using SSE2 crc32 instructions
2019-12-16 13:43:14 0 [Note] InnoDB: Initializing buffer pool, total size = 16M, instances = 1, chunk size = 16M
2019-12-16 13:43:14 0 [Note] InnoDB: Completed initialization of buffer pool
2019-12-16 13:43:14 0 [Note] InnoDB: Starting crash recovery from checkpoint LSN=36463908
2019-12-16 13:43:14 0 [Note] InnoDB: Starting final batch to recover 2 pages from redo log.
2019-12-16 13:43:15 0 [Note] InnoDB: 128 out of 128 rollback segments are active.
2019-12-16 13:43:15 0 [Note] InnoDB: Removed temporary tablespace data file: "ibtmp1"
2019-12-16 13:43:15 0 [Note] InnoDB: Creating shared tablespace for temporary tables
2019-12-16 13:43:15 0 [Note] InnoDB: Setting file 'C:\xampp\mysql\data\ibtmp1' size to 12 MB. Physically writing the file full; Please wait ...
2019-12-16 13:43:15 0 [Note] InnoDB: File 'C:\xampp\mysql\data\ibtmp1' size is now 12 MB.
2019-12-16 13:43:15 0 [Note] InnoDB: Waiting for purge to start
2019-12-16 13:43:15 0 [Note] InnoDB: 10.4.10 started; log sequence number 36469511; transaction id 12629
2019-12-16 13:43:15 0 [Note] InnoDB: Loading buffer pool(s) from C:\xampp\mysql\data\ib_buffer_pool
2019-12-16 13:43:15 0 [Note] Plugin 'FEEDBACK' is disabled.
2019-12-16 13:43:15 0 [Note] Server socket created on IP: '::'.
2019-12-16 14:58:00 0 [Note] mysqld.exe: Aria engine: starting recovery
recovered pages: 0% 24% 47% 74% 97% 100% (0.0 seconds); tables to flush: 1 0
 (0.0 seconds); 
2019-12-16 14:58:00 0 [Note] mysqld.exe: Aria engine: recovery done
InnoDB: using atomic writes.
2019-12-16 14:58:00 0 [Note] InnoDB: Mutexes and rw_locks use Windows interlocked functions
2019-12-16 14:58:00 0 [Note] InnoDB: Uses event mutexes
2019-12-16 14:58:00 0 [Note] InnoDB: Compressed tables use zlib 1.2.11
2019-12-16 14:58:00 0 [Note] InnoDB: Number of pools: 1
2019-12-16 14:58:00 0 [Note] InnoDB: Using SSE2 crc32 instructions
2019-12-16 14:58:00 0 [Note] InnoDB: Initializing buffer pool, total size = 16M, instances = 1, chunk size = 16M
2019-12-16 14:58:00 0 [Note] InnoDB: Completed initialization of buffer pool
2019-12-16 14:58:00 0 [Note] InnoDB: Starting crash recovery from checkpoint LSN=48535663
2019-12-16 14:58:01 0 [Note] InnoDB: 128 out of 128 rollback segments are active.
2019-12-16 14:58:01 0 [Note] InnoDB: Removed temporary tablespace data file: "ibtmp1"
2019-12-16 14:58:01 0 [Note] InnoDB: Creating shared tablespace for temporary tables
2019-12-16 14:58:01 0 [Note] InnoDB: Setting file 'C:\xampp\mysql\data\ibtmp1' size to 12 MB. Physically writing the file full; Please wait ...
2019-12-16 14:58:01 0 [Note] InnoDB: File 'C:\xampp\mysql\data\ibtmp1' size is now 12 MB.
2019-12-16 14:58:01 0 [Note] InnoDB: Waiting for purge to start
2019-12-16 14:58:01 0 [Note] InnoDB: 10.4.10 started; log sequence number 48535672; transaction id 16681
2019-12-16 14:58:01 0 [Note] InnoDB: Loading buffer pool(s) from C:\xampp\mysql\data\ib_buffer_pool
2019-12-16 14:58:01 0 [Note] Plugin 'FEEDBACK' is disabled.
2019-12-16 14:58:01 0 [Note] Server socket created on IP: '::'.
2019-12-16 15:02:08 0 [Note] mysqld.exe: Aria engine: starting recovery
recovered pages: 0% 49% 95% 100% (0.0 seconds); tables to flush: 1 0
 (0.0 seconds); 
2019-12-16 15:02:08 0 [Note] mysqld.exe: Aria engine: recovery done
InnoDB: using atomic writes.
2019-12-16 15:02:08 0 [Note] InnoDB: Mutexes and rw_locks use Windows interlocked functions
2019-12-16 15:02:08 0 [Note] InnoDB: Uses event mutexes
2019-12-16 15:02:08 0 [Note] InnoDB: Compressed tables use zlib 1.2.11
2019-12-16 15:02:08 0 [Note] InnoDB: Number of pools: 1
2019-12-16 15:02:08 0 [Note] InnoDB: Using SSE2 crc32 instructions
2019-12-16 15:02:08 0 [Note] InnoDB: Initializing buffer pool, total size = 16M, instances = 1, chunk size = 16M
2019-12-16 15:02:08 0 [Note] InnoDB: Completed initialization of buffer pool
2019-12-16 15:02:08 0 [Note] InnoDB: Starting crash recovery from checkpoint LSN=51544270
2019-12-16 15:02:09 0 [Note] InnoDB: 128 out of 128 rollback segments are active.
2019-12-16 15:02:09 0 [Note] InnoDB: Removed temporary tablespace data file: "ibtmp1"
2019-12-16 15:02:09 0 [Note] InnoDB: Creating shared tablespace for temporary tables
2019-12-16 15:02:09 0 [Note] InnoDB: Setting file 'C:\xampp\mysql\data\ibtmp1' size to 12 MB. Physically writing the file full; Please wait ...
2019-12-16 15:02:09 0 [Note] InnoDB: File 'C:\xampp\mysql\data\ibtmp1' size is now 12 MB.
2019-12-16 15:02:09 0 [Note] InnoDB: Waiting for purge to start
2019-12-16 15:02:09 0 [Note] InnoDB: 10.4.10 started; log sequence number 51544279; transaction id 16997
2019-12-16 15:02:09 0 [Note] Plugin 'FEEDBACK' is disabled.
2019-12-16 15:02:09 0 [Note] InnoDB: Loading buffer pool(s) from C:\xampp\mysql\data\ib_buffer_pool
2019-12-16 15:02:09 0 [Note] Server socket created on IP: '::'.
2019-12-16 15:04:15 0 [Note] mysqld.exe: Aria engine: starting recovery
recovered pages: 0% 49% 95% 100% (0.0 seconds); tables to flush: 1 0
 (0.0 seconds); 
2019-12-16 15:04:15 0 [Note] mysqld.exe: Aria engine: recovery done
InnoDB: using atomic writes.
2019-12-16 15:04:15 0 [Note] InnoDB: Mutexes and rw_locks use Windows interlocked functions
2019-12-16 15:04:15 0 [Note] InnoDB: Uses event mutexes
2019-12-16 15:04:15 0 [Note] InnoDB: Compressed tables use zlib 1.2.11
2019-12-16 15:04:15 0 [Note] InnoDB: Number of pools: 1
2019-12-16 15:04:15 0 [Note] InnoDB: Using SSE2 crc32 instructions
2019-12-16 15:04:15 0 [Note] InnoDB: Initializing buffer pool, total size = 16M, instances = 1, chunk size = 16M
2019-12-16 15:04:15 0 [Note] InnoDB: Completed initialization of buffer pool
2019-12-16 15:04:15 0 [Note] InnoDB: Starting crash recovery from checkpoint LSN=67675515
2019-12-16 15:04:15 0 [Note] InnoDB: 128 out of 128 rollback segments are active.
2019-12-16 15:04:15 0 [Note] InnoDB: Removed temporary tablespace data file: "ibtmp1"
2019-12-16 15:04:15 0 [Note] InnoDB: Creating shared tablespace for temporary tables
2019-12-16 15:04:15 0 [Note] InnoDB: Setting file 'C:\xampp\mysql\data\ibtmp1' size to 12 MB. Physically writing the file full; Please wait ...
2019-12-16 15:04:15 0 [Note] InnoDB: File 'C:\xampp\mysql\data\ibtmp1' size is now 12 MB.
2019-12-16 15:04:15 0 [Note] InnoDB: Waiting for purge to start
2019-12-16 15:04:15 0 [Note] InnoDB: 10.4.10 started; log sequence number 67675524; transaction id 23310
2019-12-16 15:04:15 0 [Note] InnoDB: Loading buffer pool(s) from C:\xampp\mysql\data\ib_buffer_pool
2019-12-16 15:04:15 0 [Note] Plugin 'FEEDBACK' is disabled.
2019-12-16 15:04:15 0 [Note] Server socket created on IP: '::'.
2019-12-16 15:42:14 0 [Note] mysqld.exe: Aria engine: starting recovery
recovered pages: 0% 10% 27% 37% 55% 73% 90% 100% (0.0 seconds); tables to flush: 3 2 1 0
 (0.0 seconds); 
2019-12-16 15:42:14 0 [Note] mysqld.exe: Aria engine: recovery done
InnoDB: using atomic writes.
2019-12-16 15:42:14 0 [Note] InnoDB: Mutexes and rw_locks use Windows interlocked functions
2019-12-16 15:42:14 0 [Note] InnoDB: Uses event mutexes
2019-12-16 15:42:14 0 [Note] InnoDB: Compressed tables use zlib 1.2.11
2019-12-16 15:42:14 0 [Note] InnoDB: Number of pools: 1
2019-12-16 15:42:14 0 [Note] InnoDB: Using SSE2 crc32 instructions
2019-12-16 15:42:14 0 [Note] InnoDB: Initializing buffer pool, total size = 16M, instances = 1, chunk size = 16M
2019-12-16 15:42:14 0 [Note] InnoDB: Completed initialization of buffer pool
2019-12-16 15:42:14 0 [Note] InnoDB: Starting crash recovery from checkpoint LSN=75768157
2019-12-16 15:42:14 0 [Note] InnoDB: 128 out of 128 rollback segments are active.
2019-12-16 15:42:14 0 [Note] InnoDB: Removed temporary tablespace data file: "ibtmp1"
2019-12-16 15:42:14 0 [Note] InnoDB: Creating shared tablespace for temporary tables
2019-12-16 15:42:14 0 [Note] InnoDB: Setting file 'C:\xampp\mysql\data\ibtmp1' size to 12 MB. Physically writing the file full; Please wait ...
2019-12-16 15:42:14 0 [Note] InnoDB: File 'C:\xampp\mysql\data\ibtmp1' size is now 12 MB.
2019-12-16 15:42:14 0 [Note] InnoDB: Waiting for purge to start
2019-12-16 15:42:14 0 [Note] InnoDB: 10.4.10 started; log sequence number 75768166; transaction id 30725
2019-12-16 15:42:14 0 [Note] InnoDB: Loading buffer pool(s) from C:\xampp\mysql\data\ib_buffer_pool
2019-12-16 15:42:14 0 [Note] Plugin 'FEEDBACK' is disabled.
2019-12-16 15:42:14 0 [Note] Server socket created on IP: '::'.
InnoDB: using atomic writes.
2019-12-17 12:27:57 0 [Note] InnoDB: Mutexes and rw_locks use Windows interlocked functions
2019-12-17 12:27:57 0 [Note] InnoDB: Uses event mutexes
2019-12-17 12:27:57 0 [Note] InnoDB: Compressed tables use zlib 1.2.11
2019-12-17 12:27:57 0 [Note] InnoDB: Number of pools: 1
2019-12-17 12:27:57 0 [Note] InnoDB: Using SSE2 crc32 instructions
2019-12-17 12:27:57 0 [Note] InnoDB: Initializing buffer pool, total size = 16M, instances = 1, chunk size = 16M
2019-12-17 12:27:57 0 [Note] InnoDB: Completed initialization of buffer pool
2019-12-17 12:27:57 0 [Note] InnoDB: Starting crash recovery from checkpoint LSN=79088937
2019-12-17 12:27:57 0 [Note] InnoDB: 128 out of 128 rollback segments are active.
2019-12-17 12:27:57 0 [Note] InnoDB: Removed temporary tablespace data file: "ibtmp1"
2019-12-17 12:27:57 0 [Note] InnoDB: Creating shared tablespace for temporary tables
2019-12-17 12:27:57 0 [Note] InnoDB: Setting file 'C:\xampp\mysql\data\ibtmp1' size to 12 MB. Physically writing the file full; Please wait ...
2019-12-17 12:27:57 0 [Note] InnoDB: File 'C:\xampp\mysql\data\ibtmp1' size is now 12 MB.
2019-12-17 12:27:57 0 [Note] InnoDB: Waiting for purge to start
2019-12-17 12:27:57 0 [Note] InnoDB: 10.4.10 started; log sequence number 79088946; transaction id 31410
2019-12-17 12:27:57 0 [Note] InnoDB: Loading buffer pool(s) from C:\xampp\mysql\data\ib_buffer_pool
2019-12-17 12:27:57 0 [Note] Plugin 'FEEDBACK' is disabled.
2019-12-17 12:27:57 0 [Note] Server socket created on IP: '::'.
InnoDB: using atomic writes.
2019-12-18 10:36:31 0 [Note] InnoDB: Mutexes and rw_locks use Windows interlocked functions
2019-12-18 10:36:31 0 [Note] InnoDB: Uses event mutexes
2019-12-18 10:36:31 0 [Note] InnoDB: Compressed tables use zlib 1.2.11
2019-12-18 10:36:31 0 [Note] InnoDB: Number of pools: 1
2019-12-18 10:36:31 0 [Note] InnoDB: Using SSE2 crc32 instructions
2019-12-18 10:36:31 0 [Note] InnoDB: Initializing buffer pool, total size = 16M, instances = 1, chunk size = 16M
2019-12-18 10:36:31 0 [Note] InnoDB: Completed initialization of buffer pool
2019-12-18 10:36:31 0 [Note] InnoDB: Starting crash recovery from checkpoint LSN=79088955
2019-12-18 10:36:31 0 [Note] InnoDB: 128 out of 128 rollback segments are active.
2019-12-18 10:36:31 0 [Note] InnoDB: Removed temporary tablespace data file: "ibtmp1"
2019-12-18 10:36:31 0 [Note] InnoDB: Creating shared tablespace for temporary tables
2019-12-18 10:36:31 0 [Note] InnoDB: Setting file 'C:\xampp\mysql\data\ibtmp1' size to 12 MB. Physically writing the file full; Please wait ...
2019-12-18 10:36:31 0 [Note] InnoDB: File 'C:\xampp\mysql\data\ibtmp1' size is now 12 MB.
2019-12-18 10:36:31 0 [Note] InnoDB: Waiting for purge to start
2019-12-18 10:36:31 0 [Note] InnoDB: 10.4.10 started; log sequence number 79088964; transaction id 31410
2019-12-18 10:36:31 0 [Note] InnoDB: Loading buffer pool(s) from C:\xampp\mysql\data\ib_buffer_pool
2019-12-18 10:36:31 0 [Note] Plugin 'FEEDBACK' is disabled.
2019-12-18 10:36:31 0 [Note] Server socket created on IP: '::'.
InnoDB: using atomic writes.
2019-12-19 16:31:51 0 [Note] InnoDB: Mutexes and rw_locks use Windows interlocked functions
2019-12-19 16:31:51 0 [Note] InnoDB: Uses event mutexes
2019-12-19 16:31:51 0 [Note] InnoDB: Compressed tables use zlib 1.2.11
2019-12-19 16:31:51 0 [Note] InnoDB: Number of pools: 1
2019-12-19 16:31:51 0 [Note] InnoDB: Using SSE2 crc32 instructions
2019-12-19 16:31:51 0 [Note] InnoDB: Initializing buffer pool, total size = 16M, instances = 1, chunk size = 16M
2019-12-19 16:31:51 0 [Note] InnoDB: Completed initialization of buffer pool
2019-12-19 16:31:51 0 [Note] InnoDB: Starting crash recovery from checkpoint LSN=83184282
2019-12-19 16:31:51 0 [Note] InnoDB: 128 out of 128 rollback segments are active.
2019-12-19 16:31:51 0 [Note] InnoDB: Removed temporary tablespace data file: "ibtmp1"
2019-12-19 16:31:51 0 [Note] InnoDB: Creating shared tablespace for temporary tables
2019-12-19 16:31:51 0 [Note] InnoDB: Setting file 'C:\xampp\mysql\data\ibtmp1' size to 12 MB. Physically writing the file full; Please wait ...
2019-12-19 16:31:51 0 [Note] InnoDB: File 'C:\xampp\mysql\data\ibtmp1' size is now 12 MB.
2019-12-19 16:31:51 0 [Note] InnoDB: Waiting for purge to start
2019-12-19 16:31:51 0 [Note] InnoDB: 10.4.10 started; log sequence number 83184291; transaction id 32802
2019-12-19 16:31:51 0 [Note] InnoDB: Loading buffer pool(s) from C:\xampp\mysql\data\ib_buffer_pool
2019-12-19 16:31:51 0 [Note] Plugin 'FEEDBACK' is disabled.
2019-12-19 16:31:51 0 [Note] Server socket created on IP: '::'.
InnoDB: using atomic writes.
2019-12-23 10:54:07 0 [Note] InnoDB: Mutexes and rw_locks use Windows interlocked functions
2019-12-23 10:54:07 0 [Note] InnoDB: Uses event mutexes
2019-12-23 10:54:07 0 [Note] InnoDB: Compressed tables use zlib 1.2.11
2019-12-23 10:54:07 0 [Note] InnoDB: Number of pools: 1
2019-12-23 10:54:07 0 [Note] InnoDB: Using SSE2 crc32 instructions
2019-12-23 10:54:07 0 [Note] InnoDB: Initializing buffer pool, total size = 16M, instances = 1, chunk size = 16M
2019-12-23 10:54:07 0 [Note] InnoDB: Completed initialization of buffer pool
2019-12-23 10:54:07 0 [Note] InnoDB: Starting crash recovery from checkpoint LSN=91727515
2019-12-23 10:54:08 0 [Note] InnoDB: 128 out of 128 rollback segments are active.
2019-12-23 10:54:08 0 [Note] InnoDB: Removed temporary tablespace data file: "ibtmp1"
2019-12-23 10:54:08 0 [Note] InnoDB: Creating shared tablespace for temporary tables
2019-12-23 10:54:08 0 [Note] InnoDB: Setting file 'C:\xampp\mysql\data\ibtmp1' size to 12 MB. Physically writing the file full; Please wait ...
2019-12-23 10:54:08 0 [Note] InnoDB: File 'C:\xampp\mysql\data\ibtmp1' size is now 12 MB.
2019-12-23 10:54:08 0 [Note] InnoDB: Waiting for purge to start
2019-12-23 10:54:08 0 [Note] InnoDB: 10.4.10 started; log sequence number 91727524; transaction id 34299
2019-12-23 10:54:08 0 [Note] InnoDB: Loading buffer pool(s) from C:\xampp\mysql\data\ib_buffer_pool
2019-12-23 10:54:08 0 [Note] Plugin 'FEEDBACK' is disabled.
2019-12-23 10:54:08 0 [Note] Server socket created on IP: '::'.
2019-12-23 10:54:08 0 [Note] InnoDB: Buffer pool(s) loInnoDB: using atomic writes.
2020-01-02 12:53:36 0 [Note] InnoDB: Mutexes and rw_locks use Windows interlocked functions
2020-01-02 12:53:36 0 [Note] InnoDB: Uses event mutexes
2020-01-02 12:53:36 0 [Note] InnoDB: Compressed tables use zlib 1.2.11
2020-01-02 12:53:36 0 [Note] InnoDB: Number of pools: 1
2020-01-02 12:53:36 0 [Note] InnoDB: Using SSE2 crc32 instructions
2020-01-02 12:53:36 0 [Note] InnoDB: Initializing buffer pool, total size = 16M, instances = 1, chunk size = 16M
2020-01-02 12:53:36 0 [Note] InnoDB: Completed initialization of buffer pool
2020-01-02 12:53:36 0 [Note] InnoDB: Starting crash recovery from checkpoint LSN=92966420
2020-01-02 12:53:37 0 [Note] InnoDB: 128 out of 128 rollback segments are active.
2020-01-02 12:53:37 0 [Note] InnoDB: Removed temporary tablespace data file: "ibtmp1"
2020-01-02 12:53:37 0 [Note] InnoDB: Creating shared tablespace for temporary tables
2020-01-02 12:53:37 0 [Note] InnoDB: Setting file 'C:\xampp\mysql\data\ibtmp1' size to 12 MB. Physically writing the file full; Please wait ...
2020-01-02 12:53:37 0 [Note] InnoDB: File 'C:\xampp\mysql\data\ibtmp1' size is now 12 MB.
2020-01-02 12:53:37 0 [Note] InnoDB: Waiting for purge to start
2020-01-02 12:53:37 0 [Note] InnoDB: 10.4.10 started; log sequence number 92966429; transaction id 35117
2020-01-02 12:53:37 0 [Note] InnoDB: Loading buffer pool(s) from C:\xampp\mysql\data\ib_buffer_pool
2020-01-02 12:53:37 0 [Note] Plugin 'FEEDBACK' is disabled.
2020-01-02 12:53:37 0 [Note] Server socket created on IP: '::'.
InnoDB: using atomic writes.
2020-01-03 12:02:07 0 [Note] InnoDB: Mutexes and rw_locks use Windows interlocked functions
2020-01-03 12:02:07 0 [Note] InnoDB: Uses event mutexes
2020-01-03 12:02:07 0 [Note] InnoDB: Compressed tables use zlib 1.2.11
2020-01-03 12:02:07 0 [Note] InnoDB: Number of pools: 1
2020-01-03 12:02:07 0 [Note] InnoDB: Using SSE2 crc32 instructions
2020-01-03 12:02:07 0 [Note] InnoDB: Initializing buffer pool, total size = 16M, instances = 1, chunk size = 16M
2020-01-03 12:02:07 0 [Note] InnoDB: Completed initialization of buffer pool
2020-01-03 12:02:07 0 [Note] InnoDB: Starting crash recovery from checkpoint LSN=94981761
2020-01-03 12:02:08 0 [Note] InnoDB: 128 out of 128 rollback segments are active.
2020-01-03 12:02:08 0 [Note] InnoDB: Removed temporary tablespace data file: "ibtmp1"
2020-01-03 12:02:08 0 [Note] InnoDB: Creating shared tablespace for temporary tables
2020-01-03 12:02:08 0 [Note] InnoDB: Setting file 'C:\xampp\mysql\data\ibtmp1' size to 12 MB. Physically writing the file full; Please wait ...
2020-01-03 12:02:08 0 [Note] InnoDB: File 'C:\xampp\mysql\data\ibtmp1' size is now 12 MB.
2020-01-03 12:02:08 0 [Note] InnoDB: Waiting for purge to start
2020-01-03 12:02:08 0 [Note] InnoDB: 10.4.10 started; log sequence number 94981770; transaction id 36069
2020-01-03 12:02:08 0 [Note] Plugin 'FEEDBACK' is disabled.
2020-01-03 12:02:08 0 [Note] InnoDB: Loading buffer pool(s) from C:\xampp\mysql\data\ib_buffer_pool
2020-01-03 12:02:08 0 [Note] Server socket created on IP: '::'.
2020-01-03 15:08:20 0 [Note] mysqld.exe: Aria engine: starting recovery
recovered pages: 0% 14% 35% 50% 66% 83% 98% 100% (0.0 seconds); tables to flush: 2 1 0
 (0.0 seconds); 
2020-01-03 15:08:20 0 [Note] mysqld.exe: Aria engine: recovery done
InnoDB: using atomic writes.
2020-01-03 15:08:20 0 [Note] InnoDB: Mutexes and rw_locks use Windows interlocked functions
2020-01-03 15:08:20 0 [Note] InnoDB: Uses event mutexes
2020-01-03 15:08:20 0 [Note] InnoDB: Compressed tables use zlib 1.2.11
2020-01-03 15:08:20 0 [Note] InnoDB: Number of pools: 1
2020-01-03 15:08:20 0 [Note] InnoDB: Using SSE2 crc32 instructions
2020-01-03 15:08:20 0 [Note] InnoDB: Initializing buffer pool, total size = 16M, instances = 1, chunk size = 16M
2020-01-03 15:08:20 0 [Note] InnoDB: Completed initialization of buffer pool
2020-01-03 15:08:20 0 [Note] InnoDB: Starting crash recovery from checkpoint LSN=195025296
2020-01-03 15:08:20 0 [Note] InnoDB: 128 out of 128 rollback segments are active.
2020-01-03 15:08:20 0 [Note] InnoDB: Removed temporary tablespace data file: "ibtmp1"
2020-01-03 15:08:20 0 [Note] InnoDB: Creating shared tablespace for temporary tables
2020-01-03 15:08:20 0 [Note] InnoDB: Setting file 'C:\xampp\mysql\data\ibtmp1' size to 12 MB. Physically writing the file full; Please wait ...
2020-01-03 15:08:20 0 [Note] InnoDB: File 'C:\xampp\mysql\data\ibtmp1' size is now 12 MB.
2020-01-03 15:08:20 0 [Note] InnoDB: Waiting for purge to start
2020-01-03 15:08:20 0 [Note] InnoDB: 10.4.10 started; log sequence number 195025305; transaction id 78183
2020-01-03 15:08:20 0 [Note] Plugin 'FEEDBACK' is disabled.
2020-01-03 15:08:20 0 [Note] InnoDB: Loading buffer pool(s) from C:\xampp\mysql\data\ib_buffer_pool
2020-01-03 15:08:20 0 [Note] Server socket created on IP: '::'.
2020-01-13 15:41:03 0 [Note] mysqld.exe: Aria engine: starting recovery
recovered pages: 0% 13% 27% 40% 57% 70% 85% 98% 100% (0.0 seconds); tables to flush: 2 1 0
 (0.0 seconds); 
2020-01-13 15:41:03 0 [Note] mysqld.exe: Aria engine: recovery done
InnoDB: using atomic writes.
2020-01-13 15:41:03 0 [Note] InnoDB: Mutexes and rw_locks use Windows interlocked functions
2020-01-13 15:41:03 0 [Note] InnoDB: Uses event mutexes
2020-01-13 15:41:03 0 [Note] InnoDB: Compressed tables use zlib 1.2.11
2020-01-13 15:41:03 0 [Note] InnoDB: Number of pools: 1
2020-01-13 15:41:03 0 [Note] InnoDB: Using SSE2 crc32 instructions
2020-01-13 15:41:03 0 [Note] InnoDB: Initializing buffer pool, total size = 16M, instances = 1, chunk size = 16M
2020-01-13 15:41:03 0 [Note] InnoDB: Completed initialization of buffer pool
2020-01-13 15:41:03 0 [Note] InnoDB: Starting crash recovery from checkpoint LSN=267711833
2020-01-13 15:41:04 0 [Note] InnoDB: 128 out of 128 rollback segments are active.
2020-01-13 15:41:04 0 [Note] InnoDB: Removed temporary tablespace data file: "ibtmp1"
2020-01-13 15:41:04 0 [Note] InnoDB: Creating shared tablespace for temporary tables
2020-01-13 15:41:04 0 [Note] InnoDB: Setting file 'C:\xampp\mysql\data\ibtmp1' size to 12 MB. Physically writing the file full; Please wait ...
2020-01-13 15:41:04 0 [Note] InnoDB: File 'C:\xampp\mysql\data\ibtmp1' size is now 12 MB.
2020-01-13 15:41:04 0 [Note] InnoDB: Waiting for purge to start
2020-01-13 15:41:04 0 [Note] InnoDB: 10.4.10 started; log sequence number 267711842; transaction id 108885
2020-01-13 15:41:04 0 [Note] InnoDB: Loading buffer pool(s) from C:\xampp\mysql\data\ib_buffer_pool
2020-01-13 15:41:04 0 [Note] Plugin 'FEEDBACK' is disabled.
2020-01-13 15:41:04 0 [Note] InnoDB: Buffer pool(s) load completed at 200113 15:41:04
2020-01-13 15:41:04 0 [Note] Server socket created on IP: '::'.
InnoDB: using atomic writes.
2020-01-20 15:20:58 0 [Note] InnoDB: Mutexes and rw_locks use Windows interlocked functions
2020-01-20 15:20:58 0 [Note] InnoDB: Uses event mutexes
2020-01-20 15:20:58 0 [Note] InnoDB: Compressed tables use zlib 1.2.11
2020-01-20 15:20:58 0 [Note] InnoDB: Number of pools: 1
2020-01-20 15:20:58 0 [Note] InnoDB: Using SSE2 crc32 instructions
2020-01-20 15:20:58 0 [Note] InnoDB: Initializing buffer pool, total size = 16M, instances = 1, chunk size = 16M
2020-01-20 15:20:58 0 [Note] InnoDB: Completed initialization of buffer pool
2020-01-20 15:20:58 0 [Note] InnoDB: Starting crash recovery from checkpoint LSN=282365099
2020-01-20 15:20:59 0 [Note] InnoDB: 128 out of 128 rollback segments are active.
2020-01-20 15:20:59 0 [Note] InnoDB: Removed temporary tablespace data file: "ibtmp1"
2020-01-20 15:20:59 0 [Note] InnoDB: Creating shared tablespace for temporary tables
2020-01-20 15:20:59 0 [Note] InnoDB: Setting file 'C:\xampp\mysql\data\ibtmp1' size to 12 MB. Physically writing the file full; Please wait ...
2020-01-20 15:20:59 0 [Note] InnoDB: File 'C:\xampp\mysql\data\ibtmp1' size is now 12 MB.
2020-01-20 15:20:59 0 [Note] InnoDB: Waiting for purge to start
2020-01-20 15:20:59 0 [Note] InnoDB: 10.4.10 started; log sequence number 282365108; transaction id 113038
2020-01-20 15:20:59 0 [Note] InnoDB: Loading buffer pool(s) from C:\xampp\mysql\data\ib_buffer_pool
2020-01-20 15:20:59 0 [Note] Plugin 'FEEDBACK' is disabled.
2020-01-20 15:20:59 0 [Note] Server socket created on IP: '::'.
InnoDB: using atomic writes.
2020-01-21 14:43:36 0 [Note] InnoDB: Mutexes and rw_locks use Windows interlocked functions
2020-01-21 14:43:36 0 [Note] InnoDB: Uses event mutexes
2020-01-21 14:43:36 0 [Note] InnoDB: Compressed tables use zlib 1.2.11
2020-01-21 14:43:36 0 [Note] InnoDB: Number of pools: 1
2020-01-21 14:43:36 0 [Note] InnoDB: Using SSE2 crc32 instructions
2020-01-21 14:43:36 0 [Note] InnoDB: Initializing buffer pool, total size = 16M, instances = 1, chunk size = 16M
2020-01-21 14:43:36 0 [Note] InnoDB: Completed initialization of buffer pool
2020-01-21 14:43:36 0 [Note] InnoDB: Starting crash recovery from checkpoint LSN=286333708
2020-01-21 14:43:37 0 [Note] InnoDB: 128 out of 128 rollback segments are active.
2020-01-21 14:43:37 0 [Note] InnoDB: Removed temporary tablespace data file: "ibtmp1"
2020-01-21 14:43:37 0 [Note] InnoDB: Creating shared tablespace for temporary tables
2020-01-21 14:43:37 0 [Note] InnoDB: Setting file 'C:\xampp\mysql\data\ibtmp1' size to 12 MB. Physically writing the file full; Please wait ...
2020-01-21 14:43:37 0 [Note] InnoDB: File 'C:\xampp\mysql\data\ibtmp1' size is now 12 MB.
2020-01-21 14:43:37 0 [Note] InnoDB: Waiting for purge to start
2020-01-21 14:43:37 0 [Note] InnoDB: 10.4.10 started; log sequence number 286333717; transaction id 114541
2020-01-21 14:43:37 0 [Note] Plugin 'FEEDBACK' is disabled.
2020-01-21 14:43:37 0 [Note] InnoDB: Loading buffer pool(s) from C:\xampp\mysql\data\ib_buffer_pool
2020-01-21 14:43:37 0 [Note] Server socket created on IP: '::'.
2020-01-22  9:17:14 0 [Note] mysqld.exe: Aria engine: starting recovery
recovered pages: 0% 19% 39% 59% 77% 98% 100% (0.0 seconds); tables to flush: 1 0
 (0.0 seconds); 
2020-01-22  9:17:14 0 [Note] mysqld.exe: Aria engine: recovery done
InnoDB: using atomic writes.
2020-01-22  9:17:14 0 [Note] InnoDB: Mutexes and rw_locks use Windows interlocked functions
2020-01-22  9:17:14 0 [Note] InnoDB: Uses event mutexes
2020-01-22  9:17:14 0 [Note] InnoDB: Compressed tables use zlib 1.2.11
2020-01-22  9:17:14 0 [Note] InnoDB: Number of pools: 1
2020-01-22  9:17:14 0 [Note] InnoDB: Using SSE2 crc32 instructions
2020-01-22  9:17:14 0 [Note] InnoDB: Initializing buffer pool, total size = 16M, instances = 1, chunk size = 16M
2020-01-22  9:17:14 0 [Note] InnoDB: Completed initialization of buffer pool
2020-01-22  9:17:14 0 [Note] InnoDB: Starting crash recovery from checkpoint LSN=350364060
2020-01-22  9:17:15 0 [Note] InnoDB: 128 out of 128 rollback segments are active.
2020-01-22  9:17:15 0 [Note] InnoDB: Removed temporary tablespace data file: "ibtmp1"
2020-01-22  9:17:15 0 [Note] InnoDB: Creating shared tablespace for temporary tables
2020-01-22  9:17:15 0 [Note] InnoDB: Setting file 'C:\xampp\mysql\data\ibtmp1' size to 12 MB. Physically writing the file full; Please wait ...
2020-01-22  9:17:15 0 [Note] InnoDB: File 'C:\xampp\mysql\data\ibtmp1' size is now 12 MB.
2020-01-22  9:17:15 0 [Note] InnoDB: Waiting for purge to start
2020-01-22  9:17:15 0 [Note] InnoDB: 10.4.10 started; log sequence number 350364069; transaction id 140546
2020-01-22  9:17:15 0 [Note] InnoDB: Loading buffer pool(s) from C:\xampp\mysql\data\ib_buffer_pool
2020-01-22  9:17:15 0 [Note] Plugin 'FEEDBACK' is disabled.
2020-01-22  9:17:15 0 [Note] Server socket created on IP: '::'.
2020-01-22  9:17:15 0 InnoDB: using atomic writes.
2020-01-22 15:11:13 0 [Note] InnoDB: Mutexes and rw_locks use Windows interlocked functions
2020-01-22 15:11:13 0 [Note] InnoDB: Uses event mutexes
2020-01-22 15:11:13 0 [Note] InnoDB: Compressed tables use zlib 1.2.11
2020-01-22 15:11:13 0 [Note] InnoDB: Number of pools: 1
2020-01-22 15:11:13 0 [Note] InnoDB: Using SSE2 crc32 instructions
2020-01-22 15:11:13 0 [Note] InnoDB: Initializing buffer pool, total size = 16M, instances = 1, chunk size = 16M
2020-01-22 15:11:13 0 [Note] InnoDB: Completed initialization of buffer pool
2020-01-22 15:11:13 0 [Note] InnoDB: Starting crash recovery from checkpoint LSN=350952278
2020-01-22 15:11:14 0 [Note] InnoDB: 128 out of 128 rollback segments are active.
2020-01-22 15:11:14 0 [Note] InnoDB: Removed temporary tablespace data file: "ibtmp1"
2020-01-22 15:11:14 0 [Note] InnoDB: Creating shared tablespace for temporary tables
2020-01-22 15:11:14 0 [Note] InnoDB: Setting file 'C:\xampp\mysql\data\ibtmp1' size to 12 MB. Physically writing the file full; Please wait ...
2020-01-22 15:11:14 0 [Note] InnoDB: File 'C:\xampp\mysql\data\ibtmp1' size is now 12 MB.
2020-01-22 15:11:14 0 [Note] InnoDB: Waiting for purge to start
2020-01-22 15:11:14 0 [Note] InnoDB: 10.4.10 started; log sequence number 350952287; transaction id 140833
2020-01-22 15:11:14 0 [Note] InnoDB: Loading buffer pool(s) from C:\xampp\mysql\data\ib_buffer_pool
2020-01-22 15:11:14 0 [Note] Plugin 'FEEDBACK' is disabled.
2020-01-22 15:11:14 0 [Note] Server socket created on IP: '::'.
InnoDB: using atomic writes.
2020-01-27 15:12:27 0 [Note] InnoDB: Mutexes and rw_locks use Windows interlocked functions
2020-01-27 15:12:27 0 [Note] InnoDB: Uses event mutexes
2020-01-27 15:12:27 0 [Note] InnoDB: Compressed tables use zlib 1.2.11
2020-01-27 15:12:27 0 [Note] InnoDB: Number of pools: 1
2020-01-27 15:12:27 0 [Note] InnoDB: Using SSE2 crc32 instructions
2020-01-27 15:12:27 0 [Note] InnoDB: Initializing buffer pool, total size = 16M, instances = 1, chunk size = 16M
2020-01-27 15:12:27 0 [Note] InnoDB: Completed initialization of buffer pool
2020-01-27 15:12:27 0 [Note] InnoDB: Starting crash recovery from checkpoint LSN=351898206
2020-01-27 15:12:28 0 [Note] InnoDB: 128 out of 128 rollback segments are active.
2020-01-27 15:12:28 0 [Note] InnoDB: Removed temporary tablespace data file: "ibtmp1"
2020-01-27 15:12:28 0 [Note] InnoDB: Creating shared tablespace for temporary tables
2020-01-27 15:12:28 0 [Note] InnoDB: Setting file 'C:\xampp\mysql\data\ibtmp1' size to 12 MB. Physically writing the file full; Please wait ...
2020-01-27 15:12:28 0 [Note] InnoDB: File 'C:\xampp\mysql\data\ibtmp1' size is now 12 MB.
2020-01-27 15:12:28 0 [Note] InnoDB: Waiting for purge to start
2020-01-27 15:12:28 0 [Note] InnoDB: 10.4.10 started; log sequence number 351898215; transaction id 141870
2020-01-27 15:12:28 0 [Note] InnoDB: Loading buffer pool(s) from C:\xampp\mysql\data\ib_buffer_pool
2020-01-27 15:12:28 0 [Note] Plugin 'FEEDBACK' is disabled.
2020-01-27 15:12:28 0 [Note] InnoDB: Buffer pool(s) load completed at 200127 15:12:28
2020-01-27 15:12:28 0 [Note] Server socket created on IP: '::'.
